<?xml version="1.0" encoding="UTF-8"?>
<testng-results skipped="0" failed="1" total="1" passed="0">
  <reporter-output>
  </reporter-output>
  <suite name="Default suite" duration-ms="6797" started-at="2020-05-15T00:29:15Z" finished-at="2020-05-15T00:29:22Z">
    <groups>
    </groups>
    <test name="Default test" duration-ms="6797" started-at="2020-05-15T00:29:15Z" finished-at="2020-05-15T00:29:22Z">
      <class name="br.com.inmetrics.runner.RunnerFuncionalTest">
        <test-method status="PASS" signature="setUpClass()[pri:0, instance:br.com.inmetrics.runner.RunnerFuncionalTest@33afa13b]" name="setUpClass" is-config="true" duration-ms="271" started-at="2020-05-14T21:29:15Z" finished-at="2020-05-14T21:29:15Z">
          <reporter-output>
          </reporter-output>
        </test-method> <!-- setUpClass -->
        <test-method status="FAIL" signature="runTest(cucumber.api.testng.CucumberFeatureWrapper)[pri:0, instance:br.com.inmetrics.runner.RunnerFuncionalTest@33afa13b]" name="runTest" duration-ms="6142" started-at="2020-05-14T21:29:15Z" data-provider="features" finished-at="2020-05-14T21:29:21Z">
          <params>
            <param index="0">
              <value>
                <![CDATA[Realizar cadastro]]>
              </value>
            </param>
          </params>
          <exception class="cucumber.runtime.CucumberException">
            <message>
              <![CDATA[java.lang.NullPointerException]]>
            </message>
            <full-stacktrace>
              <![CDATA[cucumber.runtime.CucumberException: java.lang.NullPointerException
	at cucumber.api.testng.TestNGCucumberRunner.runCucumber(TestNGCucumberRunner.java:69)
	at br.com.inmetrics.runner.RunnerFuncionalTest.runTest(RunnerFuncionalTest.java:42)
	at sun.reflect.NativeMethodAccessorImpl.invoke0(Native Method)
	at sun.reflect.NativeMethodAccessorImpl.invoke(NativeMethodAccessorImpl.java:62)
	at sun.reflect.DelegatingMethodAccessorImpl.invoke(DelegatingMethodAccessorImpl.java:43)
	at java.lang.reflect.Method.invoke(Method.java:498)
	at org.testng.internal.MethodInvocationHelper.invokeMethod(MethodInvocationHelper.java:100)
	at org.testng.internal.Invoker.invokeMethod(Invoker.java:646)
	at org.testng.internal.Invoker.invokeTestMethod(Invoker.java:811)
	at org.testng.internal.Invoker.invokeTestMethods(Invoker.java:1137)
	at org.testng.internal.TestMethodWorker.invokeTestMethods(TestMethodWorker.java:129)
	at org.testng.internal.TestMethodWorker.run(TestMethodWorker.java:112)
	at org.testng.TestRunner.privateRun(TestRunner.java:753)
	at org.testng.TestRunner.run(TestRunner.java:607)
	at org.testng.SuiteRunner.runTest(SuiteRunner.java:368)
	at org.testng.SuiteRunner.runSequentially(SuiteRunner.java:363)
	at org.testng.SuiteRunner.privateRun(SuiteRunner.java:321)
	at org.testng.SuiteRunner.run(SuiteRunner.java:270)
	at org.testng.SuiteRunnerWorker.runSuite(SuiteRunnerWorker.java:52)
	at org.testng.SuiteRunnerWorker.run(SuiteRunnerWorker.java:86)
	at org.testng.TestNG.runSuitesSequentially(TestNG.java:1284)
	at org.testng.TestNG.runSuitesLocally(TestNG.java:1209)
	at org.testng.TestNG.runSuites(TestNG.java:1124)
	at org.testng.TestNG.run(TestNG.java:1096)
	at org.testng.remote.AbstractRemoteTestNG.run(AbstractRemoteTestNG.java:115)
	at org.testng.remote.RemoteTestNG.initAndRun(RemoteTestNG.java:251)
	at org.testng.remote.RemoteTestNG.main(RemoteTestNG.java:77)
Caused by: java.lang.NullPointerException
	at br.com.inmetrics.steps.RegistrarTaskStep.clicoNoBotaoOKIWANNASIGNUPNOW(RegistrarTaskStep.java:44)
	at ✽.E clico no botao 'OK I WANNA SIGN UP NOW'(src/test/java/br/com/inmetrics/features/RegistrarTask.feature:12)
]]>
            </full-stacktrace>
          </exception> <!-- cucumber.runtime.CucumberException -->
          <reporter-output>
          </reporter-output>
        </test-method> <!-- runTest -->
        <test-method status="PASS" signature="afterClass()[pri:0, instance:br.com.inmetrics.runner.RunnerFuncionalTest@33afa13b]" name="afterClass" is-config="true" duration-ms="302" started-at="2020-05-14T21:29:21Z" finished-at="2020-05-14T21:29:22Z">
          <reporter-output>
          </reporter-output>
        </test-method> <!-- afterClass -->
      </class> <!-- br.com.inmetrics.runner.RunnerFuncionalTest -->
    </test> <!-- Default test -->
  </suite> <!-- Default suite -->
</testng-results>
